Using pre-set license
Built from '2021.3/release' branch; Version is '2021.3.12f1 (8af3c3e441b1) revision 9106371'; Using compiler version '192829333'; Build Type 'Release'
OS: 'Windows 10  (10.0.19045) 64bit CoreSingleLanguage' Language: 'ru' Physical Memory: 7834 MB
BatchMode: 1, IsHumanControllingUs: 0, StartBugReporterOnCrash: 0, Is64bit: 1, IsPro: 1

COMMAND LINE ARGUMENTS:
C:\Program Files\Unity\Hub\Editor\2021.3.12f1\Editor\Unity.exe
-adb2
-batchMode
-noUpm
-name
AssetImportWorker0
-projectPath
C:/Users/iiigo_tmj2ovj/Desktop/Programming/UnityProjects/TestTasks/Template/TemplateProject
-logFile
Logs/AssetImportWorker0.log
-srvPort
55701
Successfully changed project path to: C:/Users/iiigo_tmj2ovj/Desktop/Programming/UnityProjects/TestTasks/Template/TemplateProject
C:/Users/iiigo_tmj2ovj/Desktop/Programming/UnityProjects/TestTasks/Template/TemplateProject
[UnityMemory] Configuration Parameters - Can be set up in boot.config
    "memorysetup-bucket-allocator-granularity=16"
    "memorysetup-bucket-allocator-bucket-count=8"
    "memorysetup-bucket-allocator-block-size=33554432"
    "memorysetup-bucket-allocator-block-count=8"
    "memorysetup-main-allocator-block-size=16777216"
    "memorysetup-thread-allocator-block-size=16777216"
    "memorysetup-gfx-main-allocator-block-size=16777216"
    "memorysetup-gfx-thread-allocator-block-size=16777216"
    "memorysetup-cache-allocator-block-size=4194304"
    "memorysetup-typetree-allocator-block-size=2097152"
    "memorysetup-profiler-bucket-allocator-granularity=16"
    "memorysetup-profiler-bucket-allocator-bucket-count=8"
    "memorysetup-profiler-bucket-allocator-block-size=33554432"
    "memorysetup-profiler-bucket-allocator-block-count=8"
    "memorysetup-profiler-allocator-block-size=16777216"
    "memorysetup-profiler-editor-allocator-block-size=1048576"
    "memorysetup-temp-allocator-size-main=16777216"
    "memorysetup-job-temp-allocator-block-size=2097152"
    "memorysetup-job-temp-allocator-block-size-background=1048576"
    "memorysetup-job-temp-allocator-reduction-small-platforms=262144"
    "memorysetup-temp-allocator-size-background-worker=32768"
    "memorysetup-temp-allocator-size-job-worker=262144"
    "memorysetup-temp-allocator-size-preload-manager=33554432"
    "memorysetup-temp-allocator-size-nav-mesh-worker=65536"
    "memorysetup-temp-allocator-size-audio-worker=65536"
    "memorysetup-temp-allocator-size-cloud-worker=32768"
    "memorysetup-temp-allocator-size-gi-baking-worker=262144"
    "memorysetup-temp-allocator-size-gfx=262144"
Refreshing native plugins compatible for Editor in 475.68 ms, found 4 plugins.
Preloading 0 native plugins for Editor in 0.00 ms.
Initialize engine version: 2021.3.12f1 (8af3c3e441b1)
[Subsystems] Discovering subsystems at path C:/Program Files/Unity/Hub/Editor/2021.3.12f1/Editor/Data/Resources/UnitySubsystems
[Subsystems] Discovering subsystems at path C:/Users/iiigo_tmj2ovj/Desktop/Programming/UnityProjects/TestTasks/Template/TemplateProject/Assets
GfxDevice: creating device client; threaded=0; jobified=0
Direct3D:
    Version:  Direct3D 11.0 [level 11.1]
    Renderer: Intel(R) UHD Graphics (ID=0x9a78)
    Vendor:   Intel
    VRAM:     3917 MB
    Driver:   27.20.100.8935
Initialize mono
Mono path[0] = 'C:/Program Files/Unity/Hub/Editor/2021.3.12f1/Editor/Data/Managed'
Mono path[1] = 'C:/Program Files/Unity/Hub/Editor/2021.3.12f1/Editor/Data/MonoBleedingEdge/lib/mono/unityjit-win32'
Mono config path = 'C:/Program Files/Unity/Hub/Editor/2021.3.12f1/Editor/Data/MonoBleedingEdge/etc'
Using monoOptions --debugger-agent=transport=dt_socket,embedding=1,server=y,suspend=n,address=127.0.0.1:56016
Begin MonoManager ReloadAssembly
Registering precompiled unity dll's ...
Register platform support module: C:/Program Files/Unity/Hub/Editor/2021.3.12f1/Editor/Data/PlaybackEngines/AndroidPlayer/UnityEditor.Android.Extensions.dll
Register platform support module: C:/Program Files/Unity/Hub/Editor/2021.3.12f1/Editor/Data/PlaybackEngines/WindowsStandaloneSupport/UnityEditor.WindowsStandalone.Extensions.dll
Register platform support module: C:/Program Files/Unity/Hub/Editor/2021.3.12f1/Editor/Data/PlaybackEngines/MetroSupport/UnityEditor.UWP.Extensions.dll
Registered in 0.040128 seconds.
Native extension for UWP target not found
Native extension for WindowsStandalone target not found
Native extension for Android target not found
Refreshing native plugins compatible for Editor in 433.15 ms, found 4 plugins.
Preloading 0 native plugins for Editor in 0.00 ms.
Mono: successfully reloaded assembly
- Completed reload, in  2.891 seconds
Domain Reload Profiling:
	ReloadAssembly (2892ms)
		BeginReloadAssembly (266ms)
			ExecutionOrderSort (0ms)
			DisableScriptedObjects (0ms)
			BackupInstance (0ms)
			ReleaseScriptingObjects (0ms)
			CreateAndSetChildDomain (3ms)
		EndReloadAssembly (2108ms)
			LoadAssemblies (260ms)
			RebuildTransferFunctionScriptingTraits (0ms)
			SetupTypeCache (494ms)
			ReleaseScriptCaches (0ms)
			RebuildScriptCaches (135ms)
			SetupLoadedEditorAssemblies (1276ms)
				LogAssemblyErrors (0ms)
				InitializePlatformSupportModulesInManaged (254ms)
				SetLoadedEditorAssemblies (1ms)
				RefreshPlugins (433ms)
				BeforeProcessingInitializeOnLoad (5ms)
				ProcessInitializeOnLoadAttributes (408ms)
				ProcessInitializeOnLoadMethodAttributes (174ms)
				AfterProcessingInitializeOnLoad (0ms)
				EditorAssembliesLoaded (0ms)
			ExecutionOrderSort2 (0ms)
			AwakeInstancesAfterBackupRestoration (0ms)
Platform modules already initialized, skipping
Registering precompiled user dll's ...
Registered in 0.024598 seconds.
Android Extension - Scanning For ADB Devices 5961 ms
Begin MonoManager ReloadAssembly
Symbol file LoadedFromMemory doesn't match image C:\Users\iiigo_tmj2ovj\Desktop\Programming\UnityProjects\TestTasks\Template\TemplateProject\Library\PackageCache\com.unity.visualscripting@1.7.8\Editor\VisualScripting.Core\Dependencies\YamlDotNet\Unity.VisualScripting.YamlDotNet.dll
Symbol file LoadedFromMemory doesn't match image C:\Users\iiigo_tmj2ovj\Desktop\Programming\UnityProjects\TestTasks\Template\TemplateProject\Library\PackageCache\com.unity.visualscripting@1.7.8\Editor\VisualScripting.Core\Dependencies\DotNetZip\Unity.VisualScripting.IonicZip.dll
Native extension for UWP target not found
Native extension for WindowsStandalone target not found
Native extension for Android target not found
Refreshing native plugins compatible for Editor in 445.09 ms, found 4 plugins.
Preloading 0 native plugins for Editor in 0.00 ms.
Mono: successfully reloaded assembly
- Completed reload, in  4.999 seconds
Domain Reload Profiling:
	ReloadAssembly (5002ms)
		BeginReloadAssembly (409ms)
			ExecutionOrderSort (0ms)
			DisableScriptedObjects (21ms)
			BackupInstance (0ms)
			ReleaseScriptingObjects (0ms)
			CreateAndSetChildDomain (67ms)
		EndReloadAssembly (4095ms)
			LoadAssemblies (309ms)
			RebuildTransferFunctionScriptingTraits (0ms)
			SetupTypeCache (1118ms)
			ReleaseScriptCaches (2ms)
			RebuildScriptCaches (259ms)
			SetupLoadedEditorAssemblies (2171ms)
				LogAssemblyErrors (0ms)
				InitializePlatformSupportModulesInManaged (54ms)
				SetLoadedEditorAssemblies (1ms)
				RefreshPlugins (445ms)
				BeforeProcessingInitializeOnLoad (484ms)
				ProcessInitializeOnLoadAttributes (961ms)
				ProcessInitializeOnLoadMethodAttributes (199ms)
				AfterProcessingInitializeOnLoad (28ms)
				EditorAssembliesLoaded (1ms)
			ExecutionOrderSort2 (0ms)
			AwakeInstancesAfterBackupRestoration (17ms)
Platform modules already initialized, skipping
========================================================================
Worker process is ready to serve import requests
Launched and connected shader compiler UnityShaderCompiler.exe after 0.18 seconds
Refreshing native plugins compatible for Editor in 2.64 ms, found 4 plugins.
Preloading 0 native plugins for Editor in 0.00 ms.
Unloading 4098 Unused Serialized files (Serialized files now loaded: 0)
Unloading 44 unused Assets / (229.1 KB). Loaded Objects now: 4552.
Memory consumption went from 155.7 MB to 155.4 MB.
Total: 8.921800 ms (FindLiveObjects: 0.535400 ms CreateObjectMapping: 0.301000 ms MarkObjects: 7.707900 ms  DeleteObjects: 0.375200 ms)

AssetImportParameters requested are different than current active one (requested -> active):
  custom:video-decoder-ogg-theora: a1e56fd34408186e4bbccfd4996cb3dc -> 
  custom:container-muxer-webm: aa71ff27fc2769a1b78a27578f13a17b -> 
  custom:container-demuxer-webm: 4f35f7cbe854078d1ac9338744f61a02 -> 
  custom:video-encoder-webm-vp8: eb34c28f22e8b96e1ab97ce403110664 -> 
  custom:audio-encoder-webm-vorbis: bf7c407c2cedff20999df2af8eb42d56 -> 
  custom:framework-win-MediaFoundation: 216162199b28c13a410421893ffa2e32 -> 
  custom:container-demuxer-ogg: 62fdf1f143b41e24485cea50d1cbac27 -> 
  custom:video-decoder-webm-vp8: 9c59270c3fd7afecdb556c50c9e8de78 -> 
  custom:audio-decoder-ogg-vorbis: bf7c407c2cedff20999df2af8eb42d56 -> 
========================================================================
Received Prepare
Registering precompiled user dll's ...
Registered in 0.021452 seconds.
Begin MonoManager ReloadAssembly
Symbol file LoadedFromMemory doesn't match image C:\Users\iiigo_tmj2ovj\Desktop\Programming\UnityProjects\TestTasks\Template\TemplateProject\Library\PackageCache\com.unity.visualscripting@1.7.8\Editor\VisualScripting.Core\Dependencies\YamlDotNet\Unity.VisualScripting.YamlDotNet.dll
Symbol file LoadedFromMemory doesn't match image C:\Users\iiigo_tmj2ovj\Desktop\Programming\UnityProjects\TestTasks\Template\TemplateProject\Library\PackageCache\com.unity.visualscripting@1.7.8\Editor\VisualScripting.Core\Dependencies\DotNetZip\Unity.VisualScripting.IonicZip.dll
Native extension for UWP target not found
Native extension for WindowsStandalone target not found
Native extension for Android target not found
Refreshing native plugins compatible for Editor in 1.79 ms, found 4 plugins.
Preloading 0 native plugins for Editor in 0.00 ms.
Mono: successfully reloaded assembly
- Completed reload, in  3.798 seconds
Domain Reload Profiling:
	ReloadAssembly (3799ms)
		BeginReloadAssembly (392ms)
			ExecutionOrderSort (0ms)
			DisableScriptedObjects (24ms)
			BackupInstance (0ms)
			ReleaseScriptingObjects (0ms)
			CreateAndSetChildDomain (120ms)
		EndReloadAssembly (2992ms)
			LoadAssemblies (267ms)
			RebuildTransferFunctionScriptingTraits (0ms)
			SetupTypeCache (972ms)
			ReleaseScriptCaches (4ms)
			RebuildScriptCaches (177ms)
			SetupLoadedEditorAssemblies (1350ms)
				LogAssemblyErrors (0ms)
				InitializePlatformSupportModulesInManaged (90ms)
				SetLoadedEditorAssemblies (2ms)
				RefreshPlugins (2ms)
				BeforeProcessingInitializeOnLoad (338ms)
				ProcessInitializeOnLoadAttributes (741ms)
				ProcessInitializeOnLoadMethodAttributes (152ms)
				AfterProcessingInitializeOnLoad (24ms)
				EditorAssembliesLoaded (1ms)
			ExecutionOrderSort2 (0ms)
			AwakeInstancesAfterBackupRestoration (25ms)
Platform modules already initialized, skipping
Refreshing native plugins compatible for Editor in 9.92 ms, found 4 plugins.
Preloading 0 native plugins for Editor in 0.00 ms.
Unloading 4080 Unused Serialized files (Serialized files now loaded: 0)
Unloading 31 unused Assets / (195.6 KB). Loaded Objects now: 4555.
Memory consumption went from 154.3 MB to 154.1 MB.
Total: 12.786500 ms (FindLiveObjects: 0.943000 ms CreateObjectMapping: 0.515300 ms MarkObjects: 10.483000 ms  DeleteObjects: 0.842200 ms)

AssetImportParameters requested are different than current active one (requested -> active):
  custom:video-decoder-ogg-theora: a1e56fd34408186e4bbccfd4996cb3dc -> 
  custom:container-muxer-webm: aa71ff27fc2769a1b78a27578f13a17b -> 
  custom:container-demuxer-webm: 4f35f7cbe854078d1ac9338744f61a02 -> 
  custom:video-encoder-webm-vp8: eb34c28f22e8b96e1ab97ce403110664 -> 
  custom:audio-encoder-webm-vorbis: bf7c407c2cedff20999df2af8eb42d56 -> 
  custom:framework-win-MediaFoundation: 216162199b28c13a410421893ffa2e32 -> 
  custom:container-demuxer-ogg: 62fdf1f143b41e24485cea50d1cbac27 -> 
  custom:video-decoder-webm-vp8: 9c59270c3fd7afecdb556c50c9e8de78 -> 
  custom:audio-decoder-ogg-vorbis: bf7c407c2cedff20999df2af8eb42d56 -> 
========================================================================
Received Import Request.
  Time since last request: 23870.369728 seconds.
  path: Assets/ItemPicker/Examples/InventoryItemsExample/ChooseInventoryItem.unity
  artifactKey: Guid(e81759226848d9c4daeb0f35dfeb6d51) Importer(815301076,1909f56bfc062723c751e8b465ee728b)
Start importing Assets/ItemPicker/Examples/InventoryItemsExample/ChooseInventoryItem.unity using Guid(e81759226848d9c4daeb0f35dfeb6d51) Importer(815301076,1909f56bfc062723c751e8b465ee728b)  -> (artifact id: 'd76a43ad9aeb16c7336a9232d9b5dfcf') in 0.049547 seconds 
========================================================================
Received Prepare
Registering precompiled user dll's ...
Registered in 0.025493 seconds.
Begin MonoManager ReloadAssembly
Symbol file LoadedFromMemory doesn't match image C:\Users\iiigo_tmj2ovj\Desktop\Programming\UnityProjects\TestTasks\Template\TemplateProject\Library\PackageCache\com.unity.visualscripting@1.7.8\Editor\VisualScripting.Core\Dependencies\YamlDotNet\Unity.VisualScripting.YamlDotNet.dll
Symbol file LoadedFromMemory doesn't match image C:\Users\iiigo_tmj2ovj\Desktop\Programming\UnityProjects\TestTasks\Template\TemplateProject\Library\PackageCache\com.unity.visualscripting@1.7.8\Editor\VisualScripting.Core\Dependencies\DotNetZip\Unity.VisualScripting.IonicZip.dll
Native extension for UWP target not found
Native extension for WindowsStandalone target not found
Native extension for Android target not found
Refreshing native plugins compatible for Editor in 1.72 ms, found 4 plugins.
Preloading 0 native plugins for Editor in 0.00 ms.
Mono: successfully reloaded assembly
- Completed reload, in  3.585 seconds
Domain Reload Profiling:
	ReloadAssembly (3587ms)
		BeginReloadAssembly (392ms)
			ExecutionOrderSort (0ms)
			DisableScriptedObjects (24ms)
			BackupInstance (0ms)
			ReleaseScriptingObjects (0ms)
			CreateAndSetChildDomain (107ms)
		EndReloadAssembly (2848ms)
			LoadAssemblies (287ms)
			RebuildTransferFunctionScriptingTraits (0ms)
			SetupTypeCache (891ms)
			ReleaseScriptCaches (4ms)
			RebuildScriptCaches (177ms)
			SetupLoadedEditorAssemblies (1293ms)
				LogAssemblyErrors (0ms)
				InitializePlatformSupportModulesInManaged (75ms)
				SetLoadedEditorAssemblies (2ms)
				RefreshPlugins (2ms)
				BeforeProcessingInitializeOnLoad (282ms)
				ProcessInitializeOnLoadAttributes (747ms)
				ProcessInitializeOnLoadMethodAttributes (165ms)
				AfterProcessingInitializeOnLoad (20ms)
				EditorAssembliesLoaded (0ms)
			ExecutionOrderSort2 (0ms)
			AwakeInstancesAfterBackupRestoration (28ms)
Platform modules already initialized, skipping
Refreshing native plugins compatible for Editor in 9.05 ms, found 4 plugins.
Preloading 0 native plugins for Editor in 0.00 ms.
Unloading 4080 Unused Serialized files (Serialized files now loaded: 0)
Unloading 31 unused Assets / (195.6 KB). Loaded Objects now: 4558.
Memory consumption went from 154.3 MB to 154.1 MB.
Total: 8.252500 ms (FindLiveObjects: 0.460400 ms CreateObjectMapping: 0.374400 ms MarkObjects: 7.084100 ms  DeleteObjects: 0.331500 ms)

AssetImportParameters requested are different than current active one (requested -> active):
  custom:video-decoder-ogg-theora: a1e56fd34408186e4bbccfd4996cb3dc -> 
  custom:container-muxer-webm: aa71ff27fc2769a1b78a27578f13a17b -> 
  custom:container-demuxer-webm: 4f35f7cbe854078d1ac9338744f61a02 -> 
  custom:video-encoder-webm-vp8: eb34c28f22e8b96e1ab97ce403110664 -> 
  custom:audio-encoder-webm-vorbis: bf7c407c2cedff20999df2af8eb42d56 -> 
  custom:framework-win-MediaFoundation: 216162199b28c13a410421893ffa2e32 -> 
  custom:container-demuxer-ogg: 62fdf1f143b41e24485cea50d1cbac27 -> 
  custom:video-decoder-webm-vp8: 9c59270c3fd7afecdb556c50c9e8de78 -> 
  custom:audio-decoder-ogg-vorbis: bf7c407c2cedff20999df2af8eb42d56 -> 
========================================================================
Received Prepare
Registering precompiled user dll's ...
Registered in 0.029152 seconds.
Begin MonoManager ReloadAssembly
Symbol file LoadedFromMemory doesn't match image C:\Users\iiigo_tmj2ovj\Desktop\Programming\UnityProjects\TestTasks\Template\TemplateProject\Library\PackageCache\com.unity.visualscripting@1.7.8\Editor\VisualScripting.Core\Dependencies\YamlDotNet\Unity.VisualScripting.YamlDotNet.dll
Symbol file LoadedFromMemory doesn't match image C:\Users\iiigo_tmj2ovj\Desktop\Programming\UnityProjects\TestTasks\Template\TemplateProject\Library\PackageCache\com.unity.visualscripting@1.7.8\Editor\VisualScripting.Core\Dependencies\DotNetZip\Unity.VisualScripting.IonicZip.dll
Native extension for UWP target not found
Native extension for WindowsStandalone target not found
Native extension for Android target not found
Refreshing native plugins compatible for Editor in 2.02 ms, found 4 plugins.
Preloading 0 native plugins for Editor in 0.00 ms.
Mono: successfully reloaded assembly
- Completed reload, in  3.457 seconds
Domain Reload Profiling:
	ReloadAssembly (3460ms)
		BeginReloadAssembly (412ms)
			ExecutionOrderSort (0ms)
			DisableScriptedObjects (23ms)
			BackupInstance (0ms)
			ReleaseScriptingObjects (0ms)
			CreateAndSetChildDomain (110ms)
		EndReloadAssembly (2689ms)
			LoadAssemblies (297ms)
			RebuildTransferFunctionScriptingTraits (0ms)
			SetupTypeCache (836ms)
			ReleaseScriptCaches (4ms)
			RebuildScriptCaches (168ms)
			SetupLoadedEditorAssemblies (1228ms)
				LogAssemblyErrors (0ms)
				InitializePlatformSupportModulesInManaged (75ms)
				SetLoadedEditorAssemblies (2ms)
				RefreshPlugins (2ms)
				BeforeProcessingInitializeOnLoad (273ms)
				ProcessInitializeOnLoadAttributes (707ms)
				ProcessInitializeOnLoadMethodAttributes (148ms)
				AfterProcessingInitializeOnLoad (19ms)
				EditorAssembliesLoaded (1ms)
			ExecutionOrderSort2 (0ms)
			AwakeInstancesAfterBackupRestoration (28ms)
Platform modules already initialized, skipping
Refreshing native plugins compatible for Editor in 10.31 ms, found 4 plugins.
Preloading 0 native plugins for Editor in 0.00 ms.
Unloading 4080 Unused Serialized files (Serialized files now loaded: 0)
Unloading 31 unused Assets / (195.7 KB). Loaded Objects now: 4561.
Memory consumption went from 154.3 MB to 154.1 MB.
Total: 10.680100 ms (FindLiveObjects: 1.596700 ms CreateObjectMapping: 0.889000 ms MarkObjects: 7.939100 ms  DeleteObjects: 0.251800 ms)

AssetImportParameters requested are different than current active one (requested -> active):
  custom:video-decoder-ogg-theora: a1e56fd34408186e4bbccfd4996cb3dc -> 
  custom:container-muxer-webm: aa71ff27fc2769a1b78a27578f13a17b -> 
  custom:container-demuxer-webm: 4f35f7cbe854078d1ac9338744f61a02 -> 
  custom:video-encoder-webm-vp8: eb34c28f22e8b96e1ab97ce403110664 -> 
  custom:audio-encoder-webm-vorbis: bf7c407c2cedff20999df2af8eb42d56 -> 
  custom:framework-win-MediaFoundation: 216162199b28c13a410421893ffa2e32 -> 
  custom:container-demuxer-ogg: 62fdf1f143b41e24485cea50d1cbac27 -> 
  custom:video-decoder-webm-vp8: 9c59270c3fd7afecdb556c50c9e8de78 -> 
  custom:audio-decoder-ogg-vorbis: bf7c407c2cedff20999df2af8eb42d56 -> 
========================================================================
Received Prepare
Registering precompiled user dll's ...
Registered in 0.031069 seconds.
Begin MonoManager ReloadAssembly
Symbol file LoadedFromMemory doesn't match image C:\Users\iiigo_tmj2ovj\Desktop\Programming\UnityProjects\TestTasks\Template\TemplateProject\Library\PackageCache\com.unity.visualscripting@1.7.8\Editor\VisualScripting.Core\Dependencies\YamlDotNet\Unity.VisualScripting.YamlDotNet.dll
Symbol file LoadedFromMemory doesn't match image C:\Users\iiigo_tmj2ovj\Desktop\Programming\UnityProjects\TestTasks\Template\TemplateProject\Library\PackageCache\com.unity.visualscripting@1.7.8\Editor\VisualScripting.Core\Dependencies\DotNetZip\Unity.VisualScripting.IonicZip.dll
Native extension for UWP target not found
Native extension for WindowsStandalone target not found
Native extension for Android target not found
Refreshing native plugins compatible for Editor in 2.23 ms, found 4 plugins.
Preloading 0 native plugins for Editor in 0.00 ms.
Mono: successfully reloaded assembly
- Completed reload, in  3.452 seconds
Domain Reload Profiling:
	ReloadAssembly (3454ms)
		BeginReloadAssembly (386ms)
			ExecutionOrderSort (0ms)
			DisableScriptedObjects (31ms)
			BackupInstance (0ms)
			ReleaseScriptingObjects (0ms)
			CreateAndSetChildDomain (103ms)
		EndReloadAssembly (2723ms)
			LoadAssemblies (272ms)
			RebuildTransferFunctionScriptingTraits (0ms)
			SetupTypeCache (850ms)
			ReleaseScriptCaches (4ms)
			RebuildScriptCaches (160ms)
			SetupLoadedEditorAssemblies (1245ms)
				LogAssemblyErrors (0ms)
				InitializePlatformSupportModulesInManaged (76ms)
				SetLoadedEditorAssemblies (3ms)
				RefreshPlugins (3ms)
				BeforeProcessingInitializeOnLoad (272ms)
				ProcessInitializeOnLoadAttributes (716ms)
				ProcessInitializeOnLoadMethodAttributes (142ms)
				AfterProcessingInitializeOnLoad (32ms)
				EditorAssembliesLoaded (1ms)
			ExecutionOrderSort2 (0ms)
			AwakeInstancesAfterBackupRestoration (37ms)
Platform modules already initialized, skipping
Refreshing native plugins compatible for Editor in 7.85 ms, found 4 plugins.
Preloading 0 native plugins for Editor in 0.00 ms.
Unloading 4080 Unused Serialized files (Serialized files now loaded: 0)
Unloading 31 unused Assets / (195.6 KB). Loaded Objects now: 4564.
Memory consumption went from 154.3 MB to 154.1 MB.
Total: 8.324200 ms (FindLiveObjects: 0.552400 ms CreateObjectMapping: 0.368700 ms MarkObjects: 7.100500 ms  DeleteObjects: 0.299500 ms)

AssetImportParameters requested are different than current active one (requested -> active):
  custom:video-decoder-ogg-theora: a1e56fd34408186e4bbccfd4996cb3dc -> 
  custom:container-muxer-webm: aa71ff27fc2769a1b78a27578f13a17b -> 
  custom:container-demuxer-webm: 4f35f7cbe854078d1ac9338744f61a02 -> 
  custom:video-encoder-webm-vp8: eb34c28f22e8b96e1ab97ce403110664 -> 
  custom:audio-encoder-webm-vorbis: bf7c407c2cedff20999df2af8eb42d56 -> 
  custom:framework-win-MediaFoundation: 216162199b28c13a410421893ffa2e32 -> 
  custom:container-demuxer-ogg: 62fdf1f143b41e24485cea50d1cbac27 -> 
  custom:video-decoder-webm-vp8: 9c59270c3fd7afecdb556c50c9e8de78 -> 
  custom:audio-decoder-ogg-vorbis: bf7c407c2cedff20999df2af8eb42d56 -> 
========================================================================
Received Import Request.
  Time since last request: 142.777109 seconds.
  path: Assets/ItemPicker/Examples/InventoryItemsExample/Sprites/boots3.png
  artifactKey: Guid(ab460bb8033a9224b8b2acf928ba4472) Importer(815301076,1909f56bfc062723c751e8b465ee728b)
Start importing Assets/ItemPicker/Examples/InventoryItemsExample/Sprites/boots3.png using Guid(ab460bb8033a9224b8b2acf928ba4472) Importer(815301076,1909f56bfc062723c751e8b465ee728b)  -> (artifact id: '546949e5d8a6553d3e9fc9801ff054f4') in 0.444273 seconds 
========================================================================
Received Import Request.
  Time since last request: 0.004965 seconds.
  path: Assets/ItemPicker/Examples/InventoryItemsExample/InvetoryItems/Knife 2.asset
  artifactKey: Guid(98297f7d4dcc24342a5135de3544a049) Importer(815301076,1909f56bfc062723c751e8b465ee728b)
Start importing Assets/ItemPicker/Examples/InventoryItemsExample/InvetoryItems/Knife 2.asset using Guid(98297f7d4dcc24342a5135de3544a049) Importer(815301076,1909f56bfc062723c751e8b465ee728b)  -> (artifact id: 'a1f6f2f22b467db2ad098fd882965617') in 0.041463 seconds 
========================================================================
Received Import Request.
  Time since last request: 0.000059 seconds.
  path: Assets/ItemPicker/Examples/PlayerExample/Models/Player1Prefab.prefab
  artifactKey: Guid(c9de7bca53c5926469bff8b3d72f980e) Importer(815301076,1909f56bfc062723c751e8b465ee728b)
Start importing Assets/ItemPicker/Examples/PlayerExample/Models/Player1Prefab.prefab using Guid(c9de7bca53c5926469bff8b3d72f980e) Importer(815301076,1909f56bfc062723c751e8b465ee728b)  -> (artifact id: '5aaa395c30cb03a1a5518c7795d5eada') in 0.187255 seconds 
========================================================================
Received Import Request.
  Time since last request: 0.009995 seconds.
  path: Assets/ItemPicker/Examples/MapExample/Scripts/PickMap.cs
  artifactKey: Guid(71c731581a241d243a21ab826e931818) Importer(815301076,1909f56bfc062723c751e8b465ee728b)
Start importing Assets/ItemPicker/Examples/MapExample/Scripts/PickMap.cs using Guid(71c731581a241d243a21ab826e931818) Importer(815301076,1909f56bfc062723c751e8b465ee728b)  -> (artifact id: 'db09adb406684ace728dbf35859bb257') in 0.028745 seconds 
========================================================================
Received Import Request.
  Time since last request: 0.000076 seconds.
  path: Assets/ItemPicker/Examples/MapExample/Scripts/MapSO.cs
  artifactKey: Guid(0a2796cf616fa5240a8c56bfadc20733) Importer(815301076,1909f56bfc062723c751e8b465ee728b)
Start importing Assets/ItemPicker/Examples/MapExample/Scripts/MapSO.cs using Guid(0a2796cf616fa5240a8c56bfadc20733) Importer(815301076,1909f56bfc062723c751e8b465ee728b)  -> (artifact id: '018f8d6d609cd82fde028913c3222b3f') in 0.025371 seconds 
========================================================================
Received Import Request.
  Time since last request: 0.000073 seconds.
  path: Assets/ItemPicker/Examples/PlayerExample/Sprites/player3.png
  artifactKey: Guid(f465d23ba5d095445af4bd234d5abd66) Importer(815301076,1909f56bfc062723c751e8b465ee728b)
Start importing Assets/ItemPicker/Examples/PlayerExample/Sprites/player3.png using Guid(f465d23ba5d095445af4bd234d5abd66) Importer(815301076,1909f56bfc062723c751e8b465ee728b)  -> (artifact id: '577e1ed937b27123347df25e75e501e6') in 0.093511 seconds 
========================================================================
Received Import Request.
  Time since last request: 0.013271 seconds.
  path: Assets/ItemPicker/Examples/PlayerExample/Models/Materials/player5Mat.mat
  artifactKey: Guid(4da8e0949dc74cc4392c1fd61f29518c) Importer(815301076,1909f56bfc062723c751e8b465ee728b)
Start importing Assets/ItemPicker/Examples/PlayerExample/Models/Materials/player5Mat.mat using Guid(4da8e0949dc74cc4392c1fd61f29518c) Importer(815301076,1909f56bfc062723c751e8b465ee728b)  -> (artifact id: '6fc2e150925cf56d19ac8b1035ea813d') in 0.133969 seconds 
========================================================================
Received Import Request.
  Time since last request: 0.001156 seconds.
  path: Assets/ItemPicker/Examples/PlayerExample/Models/Player4Prefab.prefab
  artifactKey: Guid(cd7be74dd3a99e944a4aec1b6c7c6fae) Importer(815301076,1909f56bfc062723c751e8b465ee728b)
Start importing Assets/ItemPicker/Examples/PlayerExample/Models/Player4Prefab.prefab using Guid(cd7be74dd3a99e944a4aec1b6c7c6fae) Importer(815301076,1909f56bfc062723c751e8b465ee728b)  -> (artifact id: '3ce67f88101a5c1b755e3940dffcd24e') in 0.035218 seconds 
========================================================================
Received Import Request.
  Time since last request: 0.030487 seconds.
  path: Assets/ItemPicker/Examples/InventoryItemsExample/Sprites/money2.png
  artifactKey: Guid(c35ef73cc1e032040afe3dcf8481a44e) Importer(815301076,1909f56bfc062723c751e8b465ee728b)
Start importing Assets/ItemPicker/Examples/InventoryItemsExample/Sprites/money2.png using Guid(c35ef73cc1e032040afe3dcf8481a44e) Importer(815301076,1909f56bfc062723c751e8b465ee728b)  -> (artifact id: '5b3c93e097ab5a8f53058fe9f5b3c1ae') in 0.065905 seconds 
========================================================================
Received Import Request.
  Time since last request: 0.030041 seconds.
  path: Assets/ItemPicker/Examples/PlayerExample/Models/Materials/player1Mat.mat
  artifactKey: Guid(e4dfee9ec369bc3498a16b469784d705) Importer(815301076,1909f56bfc062723c751e8b465ee728b)
Start importing Assets/ItemPicker/Examples/PlayerExample/Models/Materials/player1Mat.mat using Guid(e4dfee9ec369bc3498a16b469784d705) Importer(815301076,1909f56bfc062723c751e8b465ee728b)  -> (artifact id: 'fb358be9aba08d44b38f51862c5c1b2e') in 0.035700 seconds 
========================================================================
Received Import Request.
  Time since last request: 0.000043 seconds.
  path: Assets/ItemPicker/Examples/PlayerExample/Models/Player6Prefab.prefab
  artifactKey: Guid(678eda37de3e60b4290f4c434d9b03d2) Importer(815301076,1909f56bfc062723c751e8b465ee728b)
Start importing Assets/ItemPicker/Examples/PlayerExample/Models/Player6Prefab.prefab using Guid(678eda37de3e60b4290f4c434d9b03d2) Importer(815301076,1909f56bfc062723c751e8b465ee728b)  -> (artifact id: 'f4d847c93030339f734ae0689174eff6') in 0.037415 seconds 
========================================================================
Received Import Request.
  Time since last request: 0.014057 seconds.
  path: Assets/ItemPicker/Examples/InventoryItemsExample/Sprites/axe2.png
  artifactKey: Guid(a3c98d27f28513a41bd0ee90dc7212b2) Importer(815301076,1909f56bfc062723c751e8b465ee728b)
Start importing Assets/ItemPicker/Examples/InventoryItemsExample/Sprites/axe2.png using Guid(a3c98d27f28513a41bd0ee90dc7212b2) Importer(815301076,1909f56bfc062723c751e8b465ee728b)  -> (artifact id: 'e05d17c6ad66a211483a452c1ff16b29') in 0.067475 seconds 
========================================================================
Received Import Request.
  Time since last request: 0.028612 seconds.
  path: Assets/ItemPicker/Examples/PlayerExample/Models/Materials/player3Mat.mat
  artifactKey: Guid(5ddcbf8c9d4edc440914df4e737f533a) Importer(815301076,1909f56bfc062723c751e8b465ee728b)
Start importing Assets/ItemPicker/Examples/PlayerExample/Models/Materials/player3Mat.mat using Guid(5ddcbf8c9d4edc440914df4e737f533a) Importer(815301076,1909f56bfc062723c751e8b465ee728b)  -> (artifact id: '31f9dd99de8b5bfe026d2865aa061907') in 0.047249 seconds 
========================================================================
Received Import Request.
  Time since last request: 0.000073 seconds.
  path: Assets/ItemPicker/Examples/MapExample/Sprites/Images/MapImage2.png
  artifactKey: Guid(5c02dd8e4b7b6f44298b0c7ca8dfe530) Importer(815301076,1909f56bfc062723c751e8b465ee728b)
Start importing Assets/ItemPicker/Examples/MapExample/Sprites/Images/MapImage2.png using Guid(5c02dd8e4b7b6f44298b0c7ca8dfe530) Importer(815301076,1909f56bfc062723c751e8b465ee728b)  -> (artifact id: '08f8296a7094d349006df8b29895c130') in 0.092271 seconds 
========================================================================
Received Import Request.
  Time since last request: 0.001058 seconds.
  path: Assets/ItemPicker/Examples/InventoryItemsExample/Scripts/InvenotyItemButtons.cs
  artifactKey: Guid(9c020d0d15e9bc3458122314b86060ff) Importer(815301076,1909f56bfc062723c751e8b465ee728b)
Start importing Assets/ItemPicker/Examples/InventoryItemsExample/Scripts/InvenotyItemButtons.cs using Guid(9c020d0d15e9bc3458122314b86060ff) Importer(815301076,1909f56bfc062723c751e8b465ee728b)  -> (artifact id: '453c34e10266c2b9a4344c069af1c593') in 0.010278 seconds 
========================================================================
Received Import Request.
  Time since last request: 0.000067 seconds.
  path: Assets/ItemPicker/Examples/PlayerExample/Models/Player2Prefab.prefab
  artifactKey: Guid(d9e842bd8b8e50b4e84b0aeb7b7d076e) Importer(815301076,1909f56bfc062723c751e8b465ee728b)
Start importing Assets/ItemPicker/Examples/PlayerExample/Models/Player2Prefab.prefab using Guid(d9e842bd8b8e50b4e84b0aeb7b7d076e) Importer(815301076,1909f56bfc062723c751e8b465ee728b)  -> (artifact id: '1c3ef19e544fe64fce7bf4fdb3da8225') in 0.039816 seconds 
========================================================================
Received Import Request.
  Time since last request: 0.000025 seconds.
  path: Assets/ItemPicker/Examples/InventoryItemsExample/Prefabs/PickInventoryItemPrefab.prefab
  artifactKey: Guid(a2bed9122cc6c31458df86bb9734c570) Importer(815301076,1909f56bfc062723c751e8b465ee728b)
Start importing Assets/ItemPicker/Examples/InventoryItemsExample/Prefabs/PickInventoryItemPrefab.prefab using Guid(a2bed9122cc6c31458df86bb9734c570) Importer(815301076,1909f56bfc062723c751e8b465ee728b)  -> (artifact id: 'a1970c33018ddc35990e6bef9202d72c') in 0.228159 seconds 
========================================================================
Received Import Request.
  Time since last request: 0.000062 seconds.
  path: Assets/ItemPicker/Examples/MapExample/Sprites/Icons/MapIcon1.png
  artifactKey: Guid(69650326a10a1314cad388b9ef993dc7) Importer(815301076,1909f56bfc062723c751e8b465ee728b)
Start importing Assets/ItemPicker/Examples/MapExample/Sprites/Icons/MapIcon1.png using Guid(69650326a10a1314cad388b9ef993dc7) Importer(815301076,1909f56bfc062723c751e8b465ee728b)  -> (artifact id: '085ca5fe83df0a82b18529b4a7a5ebbe') in 0.059206 seconds 
========================================================================
Received Import Request.
  Time since last request: 0.000084 seconds.
  path: Assets/ItemPicker/Examples/PlayerExample/Models/Materials/player7Mat.mat
  artifactKey: Guid(21b28e12b91d5a14898775d56133e132) Importer(815301076,1909f56bfc062723c751e8b465ee728b)
Start importing Assets/ItemPicker/Examples/PlayerExample/Models/Materials/player7Mat.mat using Guid(21b28e12b91d5a14898775d56133e132) Importer(815301076,1909f56bfc062723c751e8b465ee728b)  -> (artifact id: '5fc2874c2b76edb399b9cf0205d6f9d6') in 0.046704 seconds 
========================================================================
Received Import Request.
  Time since last request: 0.000284 seconds.
  path: Assets/ItemPicker/Examples/MapExample/MapsSO/Map1.asset
  artifactKey: Guid(b47434def69782f4aa17dbf5cdc659c4) Importer(815301076,1909f56bfc062723c751e8b465ee728b)
Start importing Assets/ItemPicker/Examples/MapExample/MapsSO/Map1.asset using Guid(b47434def69782f4aa17dbf5cdc659c4) Importer(815301076,1909f56bfc062723c751e8b465ee728b)  -> (artifact id: 'eec268600d5d08284947dca2ffcab77c') in 0.031321 seconds 
========================================================================
Received Import Request.
  Time since last request: 0.000066 seconds.
  path: Assets/ItemPicker/Examples/InventoryItemsExample/InvetoryItems/Food 1.asset
  artifactKey: Guid(16b25249d61c79e419bed111f2918407) Importer(815301076,1909f56bfc062723c751e8b465ee728b)
Start importing Assets/ItemPicker/Examples/InventoryItemsExample/InvetoryItems/Food 1.asset using Guid(16b25249d61c79e419bed111f2918407) Importer(815301076,1909f56bfc062723c751e8b465ee728b)  -> (artifact id: 'bdf12f7fb32ca674fe47d57fa9b3a3d7') in 0.025474 seconds 
========================================================================
Received Import Request.
  Time since last request: 0.008798 seconds.
  path: Assets/ItemPicker/README.txt
  artifactKey: Guid(0d703cb68bbdea0419b2d427a3e3e993) Importer(815301076,1909f56bfc062723c751e8b465ee728b)
Start importing Assets/ItemPicker/README.txt using Guid(0d703cb68bbdea0419b2d427a3e3e993) Importer(815301076,1909f56bfc062723c751e8b465ee728b)  -> (artifact id: '89ed575a7de58d57dc6e5e515660a4c5') in 0.031185 seconds 
========================================================================
Received Import Request.
  Time since last request: 0.000062 seconds.
  path: Assets/ItemPicker/Examples/InventoryItemsExample/InvetoryItems/Money 2.asset
  artifactKey: Guid(fd2754aa64d196f408d1dbfa6d2c54da) Importer(815301076,1909f56bfc062723c751e8b465ee728b)
Start importing Assets/ItemPicker/Examples/InventoryItemsExample/InvetoryItems/Money 2.asset using Guid(fd2754aa64d196f408d1dbfa6d2c54da) Importer(815301076,1909f56bfc062723c751e8b465ee728b)  -> (artifact id: '072c7f40bf674d198e4b47bd0442112e') in 0.023476 seconds 
========================================================================
Received Import Request.
  Time since last request: 0.000069 seconds.
  path: Assets/ItemPicker/Examples/PlayerExample/Models/Player7Prefab.prefab
  artifactKey: Guid(8214fcedb939c844fa03fcb435904a96) Importer(815301076,1909f56bfc062723c751e8b465ee728b)
Start importing Assets/ItemPicker/Examples/PlayerExample/Models/Player7Prefab.prefab using Guid(8214fcedb939c844fa03fcb435904a96) Importer(815301076,1909f56bfc062723c751e8b465ee728b)  -> (artifact id: '49b03c60e8b7a0290e573f807ee99cb8') in 0.040924 seconds 
========================================================================
Received Import Request.
  Time since last request: 0.076852 seconds.
  path: Assets/ItemPicker/Examples/MapExample/Sprites/Images/MapImage3.png
  artifactKey: Guid(e754a50e7edcb6e468a7001629f84eb3) Importer(815301076,1909f56bfc062723c751e8b465ee728b)
Start importing Assets/ItemPicker/Examples/MapExample/Sprites/Images/MapImage3.png using Guid(e754a50e7edcb6e468a7001629f84eb3) Importer(815301076,1909f56bfc062723c751e8b465ee728b)  -> (artifact id: '172412548d65205779ede20d91e0d7dd') in 0.080237 seconds 
========================================================================
Received Import Request.
  Time since last request: 0.002872 seconds.
  path: Assets/ItemPicker/Examples/PlayerExample/Models/Player3Prefab.prefab
  artifactKey: Guid(25a4e641df611354d906256cc17cf3ae) Importer(815301076,1909f56bfc062723c751e8b465ee728b)
Start importing Assets/ItemPicker/Examples/PlayerExample/Models/Player3Prefab.prefab using Guid(25a4e641df611354d906256cc17cf3ae) Importer(815301076,1909f56bfc062723c751e8b465ee728b)  -> (artifact id: '1e1a066c755ab3c333b556d324099b68') in 0.047202 seconds 
========================================================================
Received Import Request.
  Time since last request: 0.017475 seconds.
  path: Assets/ItemPicker/Examples/InventoryItemsExample/InvetoryItems/Food 2.asset
  artifactKey: Guid(b056cf23e35a4a645bc093a4d3cebd6d) Importer(815301076,1909f56bfc062723c751e8b465ee728b)
Start importing Assets/ItemPicker/Examples/InventoryItemsExample/InvetoryItems/Food 2.asset using Guid(b056cf23e35a4a645bc093a4d3cebd6d) Importer(815301076,1909f56bfc062723c751e8b465ee728b)  -> (artifact id: '6579a4c5d629a2ba126484ee8479a2f2') in 0.023514 seconds 
========================================================================
Received Import Request.
  Time since last request: 0.000031 seconds.
  path: Assets/ItemPicker/Examples/InventoryItemsExample/Scripts/InventoryItemSO.cs
  artifactKey: Guid(1d9c7cf2aafcc6d4b906fc86a9b64d9b) Importer(815301076,1909f56bfc062723c751e8b465ee728b)
Start importing Assets/ItemPicker/Examples/InventoryItemsExample/Scripts/InventoryItemSO.cs using Guid(1d9c7cf2aafcc6d4b906fc86a9b64d9b) Importer(815301076,1909f56bfc062723c751e8b465ee728b)  -> (artifact id: '8da8b23315162f65fb30632e0c9cb463') in 0.022072 seconds 
========================================================================
Received Import Request.
  Time since last request: 0.009725 seconds.
  path: Assets/ItemPicker/Examples/PlayerExample/Models/Materials/player6Mat.mat
  artifactKey: Guid(0e96f47d29a3b0e44aade88c206de96d) Importer(815301076,1909f56bfc062723c751e8b465ee728b)
Start importing Assets/ItemPicker/Examples/PlayerExample/Models/Materials/player6Mat.mat using Guid(0e96f47d29a3b0e44aade88c206de96d) Importer(815301076,1909f56bfc062723c751e8b465ee728b)  -> (artifact id: '998d774447711b38bae63873edb2471c') in 0.046967 seconds 
========================================================================
Received Import Request.
  Time since last request: 0.000087 seconds.
  path: Assets/ItemPicker/Examples/InventoryItemsExample/InvetoryItems/Knife 1.asset
  artifactKey: Guid(964c7e9ab38ecd949b0c045330a19526) Importer(815301076,1909f56bfc062723c751e8b465ee728b)
Start importing Assets/ItemPicker/Examples/InventoryItemsExample/InvetoryItems/Knife 1.asset using Guid(964c7e9ab38ecd949b0c045330a19526) Importer(815301076,1909f56bfc062723c751e8b465ee728b)  -> (artifact id: '78c4015c31d83bb0c384869a4bc54feb') in 0.037407 seconds 
========================================================================
Received Import Request.
  Time since last request: 0.000116 seconds.
  path: Assets/ItemPicker/Examples/PlayerExample/Sprites/player5.png
  artifactKey: Guid(5cdb0ca31720af148a1929d04bceef29) Importer(815301076,1909f56bfc062723c751e8b465ee728b)
Start importing Assets/ItemPicker/Examples/PlayerExample/Sprites/player5.png using Guid(5cdb0ca31720af148a1929d04bceef29) Importer(815301076,1909f56bfc062723c751e8b465ee728b)  -> (artifact id: 'fe8840804daf368e6d985871ca5bca94') in 0.091596 seconds 
========================================================================
Received Import Request.
  Time since last request: 0.065359 seconds.
  path: Assets/ItemPicker/Examples/PlayerExample/Models/Materials/player4Mat.mat
  artifactKey: Guid(091a99d48147cb84a8896ae4955e5bd8) Importer(815301076,1909f56bfc062723c751e8b465ee728b)
Start importing Assets/ItemPicker/Examples/PlayerExample/Models/Materials/player4Mat.mat using Guid(091a99d48147cb84a8896ae4955e5bd8) Importer(815301076,1909f56bfc062723c751e8b465ee728b)  -> (artifact id: '912b9c1cffdf2ab87738df94b2f8a3ce') in 0.051610 seconds 
========================================================================
Received Import Request.
  Time since last request: 0.000050 seconds.
  path: Assets/ItemPicker/Examples/PlayerExample/Scripts/PlayerPicker.cs
  artifactKey: Guid(d48f9e30028e33a4887872343bfa5e79) Importer(815301076,1909f56bfc062723c751e8b465ee728b)
Start importing Assets/ItemPicker/Examples/PlayerExample/Scripts/PlayerPicker.cs using Guid(d48f9e30028e33a4887872343bfa5e79) Importer(815301076,1909f56bfc062723c751e8b465ee728b)  -> (artifact id: '059097a4e0d1890c0dcea7b23ae2a0b4') in 0.023617 seconds 
========================================================================
Received Import Request.
  Time since last request: 0.008317 seconds.
  path: Assets/ItemPicker/Examples/PlayerExample/Models/Materials/player2Mat.mat
  artifactKey: Guid(40ebbbd9ac6528940bca414128a5090c) Importer(815301076,1909f56bfc062723c751e8b465ee728b)
Start importing Assets/ItemPicker/Examples/PlayerExample/Models/Materials/player2Mat.mat using Guid(40ebbbd9ac6528940bca414128a5090c) Importer(815301076,1909f56bfc062723c751e8b465ee728b)  -> (artifact id: 'be3b5a918ffcd0b64c89c566289ee3e2') in 0.043742 seconds 
========================================================================
Received Import Request.
  Time since last request: 0.001836 seconds.
  path: Assets/ItemPicker/Examples/MapExample/Sprites/Icons/MapIcon3.png
  artifactKey: Guid(294167cabd3cc8f4b9de41793f1a6459) Importer(815301076,1909f56bfc062723c751e8b465ee728b)
Start importing Assets/ItemPicker/Examples/MapExample/Sprites/Icons/MapIcon3.png using Guid(294167cabd3cc8f4b9de41793f1a6459) Importer(815301076,1909f56bfc062723c751e8b465ee728b)  -> (artifact id: '3816fc1dc44718012e7ee14b6707c111') in 0.073354 seconds 
========================================================================
Received Import Request.
  Time since last request: 0.000043 seconds.
  path: Assets/ItemPicker/Examples/MapExample/Sprites/Icons/MapIcon2.png
  artifactKey: Guid(cc7d75753965a7a4588c95ea91da99cb) Importer(815301076,1909f56bfc062723c751e8b465ee728b)
Start importing Assets/ItemPicker/Examples/MapExample/Sprites/Icons/MapIcon2.png using Guid(cc7d75753965a7a4588c95ea91da99cb) Importer(815301076,1909f56bfc062723c751e8b465ee728b)  -> (artifact id: '4ff61b9a2a1a9dc38f8dd2acd47d2841') in 0.088730 seconds 
========================================================================
Received Import Request.
  Time since last request: 0.011987 seconds.
  path: Assets/ItemPicker/Examples/InventoryItemsExample/InvetoryItems/Knife 3.asset
  artifactKey: Guid(3b46d15170d06724a9cfb3f585c85743) Importer(815301076,1909f56bfc062723c751e8b465ee728b)
Start importing Assets/ItemPicker/Examples/InventoryItemsExample/InvetoryItems/Knife 3.asset using Guid(3b46d15170d06724a9cfb3f585c85743) Importer(815301076,1909f56bfc062723c751e8b465ee728b)  -> (artifact id: '4a63b1bd6eab76d15f36f2749e2e0bd9') in 0.021189 seconds 
========================================================================
Received Import Request.
  Time since last request: 0.000075 seconds.
  path: Assets/ItemPicker/Examples/InventoryItemsExample/InvetoryItems/Money 1.asset
  artifactKey: Guid(ed97b58c46e569e4b91a96a35e08496f) Importer(815301076,1909f56bfc062723c751e8b465ee728b)
Start importing Assets/ItemPicker/Examples/InventoryItemsExample/InvetoryItems/Money 1.asset using Guid(ed97b58c46e569e4b91a96a35e08496f) Importer(815301076,1909f56bfc062723c751e8b465ee728b)  -> (artifact id: 'ce1b5591f504409da3de1870af3f4e78') in 0.026025 seconds 
========================================================================
Received Import Request.
  Time since last request: 0.000076 seconds.
  path: Assets/ItemPicker/Examples/PlayerExample/Prefabs/PlayerPickerPrefab.prefab
  artifactKey: Guid(405d1d30726b40745ac5b0269bd5f687) Importer(815301076,1909f56bfc062723c751e8b465ee728b)
Start importing Assets/ItemPicker/Examples/PlayerExample/Prefabs/PlayerPickerPrefab.prefab using Guid(405d1d30726b40745ac5b0269bd5f687) Importer(815301076,1909f56bfc062723c751e8b465ee728b)  -> (artifact id: '86075fda6f97f50279e02ba6812710ad') in 0.144118 seconds 
========================================================================
Received Import Request.
  Time since last request: 0.000068 seconds.
  path: Assets/ItemPicker/Examples/PlayerExample/Scripts/PlayerSO.cs
  artifactKey: Guid(47d6bb5d2e015954e83ba981863c9cc4) Importer(815301076,1909f56bfc062723c751e8b465ee728b)
Start importing Assets/ItemPicker/Examples/PlayerExample/Scripts/PlayerSO.cs using Guid(47d6bb5d2e015954e83ba981863c9cc4) Importer(815301076,1909f56bfc062723c751e8b465ee728b)  -> (artifact id: 'ede9ee023cbf514a88923ad2ddb14d03') in 0.023692 seconds 
